<?xml version="1.0" encoding="UTF-8"?>
<!-- Generated by org.testng.reporters.JUnitXMLReporter -->
<testsuite hostname="Securax-PC" ignored="1" name="Test" tests="10" failures="0" timestamp="12 Aug 2019 11:13:52 GMT" time="10.316" errors="0">
  <testcase name="checkContentEncoding" time="0.018" classname="com.securtime_api_testcases.TC001_Get_Daily_Performancedata"/>
  <testcase name="checkContentType" time="0.004" classname="com.securtime_api_testcases.TC001_Get_Daily_Performancedata"/>
  <testcase name="checkResponseBody" time="0.027" classname="com.securtime_api_testcases.TC001_Get_Daily_Performancedata"/>
  <testcase name="checkResponseTime" time="0.001" classname="com.securtime_api_testcases.TC001_Get_Daily_Performancedata"/>
  <testcase name="checkStatusCode" time="0.003" classname="com.securtime_api_testcases.TC001_Get_Daily_Performancedata"/>
  <testcase name="checkContentEncoding" time="0.015" classname="com.securtime_api_testcases.TC002_Post_CreateEmployee"/>
  <testcase name="checkContentType" time="0.002" classname="com.securtime_api_testcases.TC002_Post_CreateEmployee"/>
  <testcase name="checkResponseBody" time="0.003" classname="com.securtime_api_testcases.TC002_Post_CreateEmployee"/>
  <testcase name="checkResponseTime" time="0.001" classname="com.securtime_api_testcases.TC002_Post_CreateEmployee"/>
  <testcase name="checkStatusCode" time="0.001" classname="com.securtime_api_testcases.TC002_Post_CreateEmployee"/>
  <testcase name="@BeforeSuite init" time="0.0" classname="com.securtime_api_base.TestBase">
    <ignored/>
  </testcase> <!-- @BeforeSuite init -->
</testsuite> <!-- Test -->
