<?xml version="1.0" encoding="UTF-8"?>
<!-- Generated by org.testng.reporters.JUnitXMLReporter -->
<testsuite hostname="Securax-PC" ignored="1" name="Test" tests="2" failures="1" timestamp="12 Aug 2019 11:04:26 GMT" time="27.291" errors="0">
  <testcase name="checkContentEncoding" time="0.021" classname="com.securtime_api_testcases.TC001_Get_Daily_Performancedata"/>
  <testcase name="checkContentEncoding" time="0.04" classname="com.securtime_api_testcases.TC001_Get_Daily_Performancedata">
    <failure type="java.lang.NullPointerException">
      <![CDATA[java.lang.NullPointerException
at com.securtime_api_utility.Listeners.onTestSuccess(Listeners.java:35)
... Removed 22 stack frames]]>
    </failure>
  </testcase> <!-- checkContentEncoding -->
  <testcase name="@BeforeSuite init" time="0.0" classname="com.securtime_api_base.TestBase">
    <ignored/>
  </testcase> <!-- @BeforeSuite init -->
</testsuite> <!-- Test -->
