<?xml version="1.0" encoding="UTF-8"?>
<!-- Generated by org.testng.reporters.JUnitXMLReporter -->
<testsuite hostname="Securax-PC" ignored="0" name="Default test" tests="5" failures="0" timestamp="19 Aug 2019 07:33:00 GMT" time="6.892" errors="0">
  <testcase name="checkContentEncoding" time="0.015" classname="com.securtime_api_testcases.TC002_Post_CreateEmployee"/>
  <testcase name="checkContentType" time="0.001" classname="com.securtime_api_testcases.TC002_Post_CreateEmployee"/>
  <testcase name="checkResponseBody" time="0.025" classname="com.securtime_api_testcases.TC002_Post_CreateEmployee"/>
  <testcase name="checkResponseTime" time="0.002" classname="com.securtime_api_testcases.TC002_Post_CreateEmployee"/>
  <testcase name="checkStatusCode" time="0.002" classname="com.securtime_api_testcases.TC002_Post_CreateEmployee"/>
</testsuite> <!-- Default test -->
