<?xml version="1.0" encoding="UTF-8"?>
<!-- Generated by org.testng.reporters.JUnitXMLReporter -->
<testsuite hostname="Securax-PC" ignored="0" name="Default test" tests="5" failures="0" timestamp="12 Aug 2019 10:21:26 GMT" time="5.598" errors="0">
  <testcase name="checkContentEncoding" time="0.011" classname="com.securtime_api_testcases.TC002_Post_CreateEmployee"/>
  <testcase name="checkContentType" time="0.001" classname="com.securtime_api_testcases.TC002_Post_CreateEmployee"/>
  <testcase name="checkResponseBody" time="0.014" classname="com.securtime_api_testcases.TC002_Post_CreateEmployee"/>
  <testcase name="checkResponseTime" time="0.003" classname="com.securtime_api_testcases.TC002_Post_CreateEmployee"/>
  <testcase name="checkStatusCode" time="0.001" classname="com.securtime_api_testcases.TC002_Post_CreateEmployee"/>
</testsuite> <!-- Default test -->
