<?xml version="1.0" encoding="UTF-8"?>
<testng-results skipped="0" failed="0" ignored="1" total="11" passed="10">
  <reporter-output>
  </reporter-output>
  <suite name="SaxAPISuite" duration-ms="10316" started-at="2019-08-12T11:13:42Z" finished-at="2019-08-12T11:13:52Z">
    <groups>
    </groups>
    <test name="Test" duration-ms="10316" started-at="2019-08-12T11:13:42Z" finished-at="2019-08-12T11:13:52Z">
      <class name="com.securtime_api_testcases.TC002_Post_CreateEmployee">
        <test-method status="PASS" signature="createEmployee()[pri:0, instance:com.securtime_api_testcases.TC002_Post_CreateEmployee@91161c7]" name="createEmployee" is-config="true" duration-ms="3497" started-at="2019-08-12T11:13:48Z" finished-at="2019-08-12T11:13:52Z">
          <reporter-output>
          </reporter-output>
        </test-method> <!-- createEmployee -->
        <test-method status="PASS" signature="checkContentEncoding()[pri:0, instance:com.securtime_api_testcases.TC002_Post_CreateEmployee@91161c7]" name="checkContentEncoding" duration-ms="15" started-at="2019-08-12T11:13:52Z" finished-at="2019-08-12T11:13:52Z">
          <reporter-output>
          </reporter-output>
        </test-method> <!-- checkContentEncoding -->
        <test-method status="PASS" signature="checkContentType()[pri:0, instance:com.securtime_api_testcases.TC002_Post_CreateEmployee@91161c7]" name="checkContentType" duration-ms="2" started-at="2019-08-12T11:13:52Z" finished-at="2019-08-12T11:13:52Z">
          <reporter-output>
          </reporter-output>
        </test-method> <!-- checkContentType -->
        <test-method status="PASS" signature="checkResponseBody()[pri:0, instance:com.securtime_api_testcases.TC002_Post_CreateEmployee@91161c7]" name="checkResponseBody" duration-ms="3" started-at="2019-08-12T11:13:52Z" finished-at="2019-08-12T11:13:52Z">
          <reporter-output>
          </reporter-output>
        </test-method> <!-- checkResponseBody -->
        <test-method status="PASS" signature="checkResponseTime()[pri:0, instance:com.securtime_api_testcases.TC002_Post_CreateEmployee@91161c7]" name="checkResponseTime" duration-ms="1" started-at="2019-08-12T11:13:52Z" finished-at="2019-08-12T11:13:52Z">
          <reporter-output>
          </reporter-output>
        </test-method> <!-- checkResponseTime -->
        <test-method status="PASS" signature="checkStatusCode()[pri:0, instance:com.securtime_api_testcases.TC002_Post_CreateEmployee@91161c7]" name="checkStatusCode" duration-ms="1" started-at="2019-08-12T11:13:52Z" finished-at="2019-08-12T11:13:52Z">
          <reporter-output>
          </reporter-output>
        </test-method> <!-- checkStatusCode -->
      </class> <!-- com.securtime_api_testcases.TC002_Post_CreateEmployee -->
      <class name="com.securtime_api_testcases.TC001_Get_Daily_Performancedata">
        <test-method status="PASS" signature="init()[pri:0, instance:com.securtime_api_testcases.TC001_Get_Daily_Performancedata@5c3bd550]" name="init" is-config="true" duration-ms="819" started-at="2019-08-12T11:13:41Z" finished-at="2019-08-12T11:13:42Z">
          <reporter-output>
          </reporter-output>
        </test-method> <!-- init -->
        <test-method status="PASS" signature="getPerformanceData()[pri:0, instance:com.securtime_api_testcases.TC001_Get_Daily_Performancedata@5c3bd550]" name="getPerformanceData" is-config="true" duration-ms="6139" started-at="2019-08-12T11:13:42Z" finished-at="2019-08-12T11:13:48Z">
          <reporter-output>
          </reporter-output>
        </test-method> <!-- getPerformanceData -->
        <test-method status="PASS" signature="checkContentEncoding()[pri:0, instance:com.securtime_api_testcases.TC001_Get_Daily_Performancedata@5c3bd550]" name="checkContentEncoding" duration-ms="18" started-at="2019-08-12T11:13:48Z" finished-at="2019-08-12T11:13:48Z">
          <reporter-output>
          </reporter-output>
        </test-method> <!-- checkContentEncoding -->
        <test-method status="PASS" signature="checkContentType()[pri:0, instance:com.securtime_api_testcases.TC001_Get_Daily_Performancedata@5c3bd550]" name="checkContentType" duration-ms="4" started-at="2019-08-12T11:13:48Z" finished-at="2019-08-12T11:13:48Z">
          <reporter-output>
          </reporter-output>
        </test-method> <!-- checkContentType -->
        <test-method status="PASS" signature="checkResponseBody()[pri:0, instance:com.securtime_api_testcases.TC001_Get_Daily_Performancedata@5c3bd550]" name="checkResponseBody" duration-ms="27" started-at="2019-08-12T11:13:48Z" finished-at="2019-08-12T11:13:48Z">
          <reporter-output>
          </reporter-output>
        </test-method> <!-- checkResponseBody -->
        <test-method status="PASS" signature="checkResponseTime()[pri:0, instance:com.securtime_api_testcases.TC001_Get_Daily_Performancedata@5c3bd550]" name="checkResponseTime" duration-ms="1" started-at="2019-08-12T11:13:48Z" finished-at="2019-08-12T11:13:48Z">
          <reporter-output>
          </reporter-output>
        </test-method> <!-- checkResponseTime -->
        <test-method status="PASS" signature="checkStatusCode()[pri:0, instance:com.securtime_api_testcases.TC001_Get_Daily_Performancedata@5c3bd550]" name="checkStatusCode" duration-ms="3" started-at="2019-08-12T11:13:48Z" finished-at="2019-08-12T11:13:48Z">
          <reporter-output>
          </reporter-output>
        </test-method> <!-- checkStatusCode -->
      </class> <!-- com.securtime_api_testcases.TC001_Get_Daily_Performancedata -->
    </test> <!-- Test -->
  </suite> <!-- SaxAPISuite -->
</testng-results>
