<?xml version="1.0" encoding="UTF-8"?>
<testng-results skipped="0" failed="6" ignored="5" total="35" passed="24">
  <reporter-output>
  </reporter-output>
  <suite name="SaxAPISuite" duration-ms="68908" started-at="2019-08-19T09:23:58Z" finished-at="2019-08-19T09:25:07Z">
    <groups>
    </groups>
    <test name="SaxApi" duration-ms="68908" started-at="2019-08-19T09:23:58Z" finished-at="2019-08-19T09:25:07Z">
      <class name="com.securtime_api_testcases.TC0011_Get_Delta_RawPunch_data">
        <test-method status="PASS" signature="getDeltaRawPunchData()[pri:0, instance:com.securtime_api_testcases.TC0011_Get_Delta_RawPunch_data@5442a311]" name="getDeltaRawPunchData" is-config="true" duration-ms="12832" started-at="2019-08-19T09:24:39Z" finished-at="2019-08-19T09:24:52Z">
          <reporter-output>
          </reporter-output>
        </test-method> <!-- getDeltaRawPunchData -->
        <test-method status="FAIL" signature="checkContentEncoding()[pri:0, instance:com.securtime_api_testcases.TC0011_Get_Delta_RawPunch_data@5442a311]" name="checkContentEncoding" duration-ms="1" started-at="2019-08-19T09:24:52Z" finished-at="2019-08-19T09:24:52Z">
          <exception class="junit.framework.ComparisonFailure">
            <message>
              <![CDATA[expected:<null> but was:<gzip>]]>
            </message>
            <full-stacktrace>
              <![CDATA[junit.framework.ComparisonFailure: expected:<null> but was:<gzip>
at junit.framework.Assert.assertEquals(Assert.java:85)
at junit.framework.Assert.assertEquals(Assert.java:91)
at com.securtime_api_testcases.TC0011_Get_Delta_RawPunch_data.checkContentEncoding(TC0011_Get_Delta_RawPunch_data.java:47)
at sun.reflect.NativeMethodAccessorImpl.invoke0(Native Method)
at sun.reflect.NativeMethodAccessorImpl.invoke(Unknown Source)
at sun.reflect.DelegatingMethodAccessorImpl.invoke(Unknown Source)
at java.lang.reflect.Method.invoke(Unknown Source)
at org.testng.internal.MethodInvocationHelper.invokeMethod(MethodInvocationHelper.java:124)
at org.testng.internal.Invoker.invokeMethod(Invoker.java:583)
at org.testng.internal.Invoker.invokeTestMethod(Invoker.java:719)
at org.testng.internal.Invoker.invokeTestMethods(Invoker.java:989)
at org.testng.internal.TestMethodWorker.invokeTestMethods(TestMethodWorker.java:125)
at org.testng.internal.TestMethodWorker.run(TestMethodWorker.java:109)
at org.testng.TestRunner.privateRun(TestRunner.java:648)
at org.testng.TestRunner.run(TestRunner.java:505)
at org.testng.SuiteRunner.runTest(SuiteRunner.java:455)
at org.testng.SuiteRunner.runSequentially(SuiteRunner.java:450)
at org.testng.SuiteRunner.privateRun(SuiteRunner.java:415)
at org.testng.SuiteRunner.run(SuiteRunner.java:364)
at org.testng.SuiteRunnerWorker.runSuite(SuiteRunnerWorker.java:52)
at org.testng.SuiteRunnerWorker.run(SuiteRunnerWorker.java:84)
at org.testng.TestNG.runSuitesSequentially(TestNG.java:1208)
at org.testng.TestNG.runSuitesLocally(TestNG.java:1137)
at org.testng.TestNG.runSuites(TestNG.java:1049)
at org.testng.TestNG.run(TestNG.java:1017)
at org.testng.remote.AbstractRemoteTestNG.run(AbstractRemoteTestNG.java:132)
at org.testng.remote.RemoteTestNG.initAndRun(RemoteTestNG.java:236)
at org.testng.remote.RemoteTestNG.main(RemoteTestNG.java:81)
]]>
            </full-stacktrace>
          </exception> <!-- junit.framework.ComparisonFailure -->
          <reporter-output>
          </reporter-output>
        </test-method> <!-- checkContentEncoding -->
        <test-method status="FAIL" signature="checkContentType()[pri:0, instance:com.securtime_api_testcases.TC0011_Get_Delta_RawPunch_data@5442a311]" name="checkContentType" duration-ms="2" started-at="2019-08-19T09:24:52Z" finished-at="2019-08-19T09:24:52Z">
          <exception class="junit.framework.ComparisonFailure">
            <message>
              <![CDATA[expected:<[text/plai]n;charset=UTF-8> but was:<[application/jso]n;charset=UTF-8>]]>
            </message>
            <full-stacktrace>
              <![CDATA[junit.framework.ComparisonFailure: expected:<[text/plai]n;charset=UTF-8> but was:<[application/jso]n;charset=UTF-8>
at junit.framework.Assert.assertEquals(Assert.java:85)
at junit.framework.Assert.assertEquals(Assert.java:91)
at com.securtime_api_testcases.TC0011_Get_Delta_RawPunch_data.checkContentType(TC0011_Get_Delta_RawPunch_data.java:41)
at sun.reflect.NativeMethodAccessorImpl.invoke0(Native Method)
at sun.reflect.NativeMethodAccessorImpl.invoke(Unknown Source)
at sun.reflect.DelegatingMethodAccessorImpl.invoke(Unknown Source)
at java.lang.reflect.Method.invoke(Unknown Source)
at org.testng.internal.MethodInvocationHelper.invokeMethod(MethodInvocationHelper.java:124)
at org.testng.internal.Invoker.invokeMethod(Invoker.java:583)
at org.testng.internal.Invoker.invokeTestMethod(Invoker.java:719)
at org.testng.internal.Invoker.invokeTestMethods(Invoker.java:989)
at org.testng.internal.TestMethodWorker.invokeTestMethods(TestMethodWorker.java:125)
at org.testng.internal.TestMethodWorker.run(TestMethodWorker.java:109)
at org.testng.TestRunner.privateRun(TestRunner.java:648)
at org.testng.TestRunner.run(TestRunner.java:505)
at org.testng.SuiteRunner.runTest(SuiteRunner.java:455)
at org.testng.SuiteRunner.runSequentially(SuiteRunner.java:450)
at org.testng.SuiteRunner.privateRun(SuiteRunner.java:415)
at org.testng.SuiteRunner.run(SuiteRunner.java:364)
at org.testng.SuiteRunnerWorker.runSuite(SuiteRunnerWorker.java:52)
at org.testng.SuiteRunnerWorker.run(SuiteRunnerWorker.java:84)
at org.testng.TestNG.runSuitesSequentially(TestNG.java:1208)
at org.testng.TestNG.runSuitesLocally(TestNG.java:1137)
at org.testng.TestNG.runSuites(TestNG.java:1049)
at org.testng.TestNG.run(TestNG.java:1017)
at org.testng.remote.AbstractRemoteTestNG.run(AbstractRemoteTestNG.java:132)
at org.testng.remote.RemoteTestNG.initAndRun(RemoteTestNG.java:236)
at org.testng.remote.RemoteTestNG.main(RemoteTestNG.java:81)
]]>
            </full-stacktrace>
          </exception> <!-- junit.framework.ComparisonFailure -->
          <reporter-output>
          </reporter-output>
        </test-method> <!-- checkContentType -->
        <test-method status="PASS" signature="checkResponseBody()[pri:0, instance:com.securtime_api_testcases.TC0011_Get_Delta_RawPunch_data@5442a311]" name="checkResponseBody" duration-ms="2" started-at="2019-08-19T09:24:52Z" finished-at="2019-08-19T09:24:52Z">
          <reporter-output>
          </reporter-output>
        </test-method> <!-- checkResponseBody -->
        <test-method status="PASS" signature="checkResponseTime()[pri:0, instance:com.securtime_api_testcases.TC0011_Get_Delta_RawPunch_data@5442a311]" name="checkResponseTime" duration-ms="3" started-at="2019-08-19T09:24:52Z" finished-at="2019-08-19T09:24:52Z">
          <reporter-output>
          </reporter-output>
        </test-method> <!-- checkResponseTime -->
        <test-method status="FAIL" signature="checkStatusCode()[pri:0, instance:com.securtime_api_testcases.TC0011_Get_Delta_RawPunch_data@5442a311]" name="checkStatusCode" duration-ms="1" started-at="2019-08-19T09:24:52Z" finished-at="2019-08-19T09:24:52Z">
          <exception class="junit.framework.AssertionFailedError">
            <message>
              <![CDATA[expected:<500> but was:<200>]]>
            </message>
            <full-stacktrace>
              <![CDATA[junit.framework.AssertionFailedError: expected:<500> but was:<200>
at junit.framework.Assert.fail(Assert.java:50)
at junit.framework.Assert.failNotEquals(Assert.java:287)
at junit.framework.Assert.assertEquals(Assert.java:67)
at junit.framework.Assert.assertEquals(Assert.java:199)
at junit.framework.Assert.assertEquals(Assert.java:205)
at com.securtime_api_testcases.TC0011_Get_Delta_RawPunch_data.checkStatusCode(TC0011_Get_Delta_RawPunch_data.java:29)
at sun.reflect.NativeMethodAccessorImpl.invoke0(Native Method)
at sun.reflect.NativeMethodAccessorImpl.invoke(Unknown Source)
at sun.reflect.DelegatingMethodAccessorImpl.invoke(Unknown Source)
at java.lang.reflect.Method.invoke(Unknown Source)
at org.testng.internal.MethodInvocationHelper.invokeMethod(MethodInvocationHelper.java:124)
at org.testng.internal.Invoker.invokeMethod(Invoker.java:583)
at org.testng.internal.Invoker.invokeTestMethod(Invoker.java:719)
at org.testng.internal.Invoker.invokeTestMethods(Invoker.java:989)
at org.testng.internal.TestMethodWorker.invokeTestMethods(TestMethodWorker.java:125)
at org.testng.internal.TestMethodWorker.run(TestMethodWorker.java:109)
at org.testng.TestRunner.privateRun(TestRunner.java:648)
at org.testng.TestRunner.run(TestRunner.java:505)
at org.testng.SuiteRunner.runTest(SuiteRunner.java:455)
at org.testng.SuiteRunner.runSequentially(SuiteRunner.java:450)
at org.testng.SuiteRunner.privateRun(SuiteRunner.java:415)
at org.testng.SuiteRunner.run(SuiteRunner.java:364)
at org.testng.SuiteRunnerWorker.runSuite(SuiteRunnerWorker.java:52)
at org.testng.SuiteRunnerWorker.run(SuiteRunnerWorker.java:84)
at org.testng.TestNG.runSuitesSequentially(TestNG.java:1208)
at org.testng.TestNG.runSuitesLocally(TestNG.java:1137)
at org.testng.TestNG.runSuites(TestNG.java:1049)
at org.testng.TestNG.run(TestNG.java:1017)
at org.testng.remote.AbstractRemoteTestNG.run(AbstractRemoteTestNG.java:132)
at org.testng.remote.RemoteTestNG.initAndRun(RemoteTestNG.java:236)
at org.testng.remote.RemoteTestNG.main(RemoteTestNG.java:81)
]]>
            </full-stacktrace>
          </exception> <!-- junit.framework.AssertionFailedError -->
          <reporter-output>
          </reporter-output>
        </test-method> <!-- checkStatusCode -->
      </class> <!-- com.securtime_api_testcases.TC0011_Get_Delta_RawPunch_data -->
      <class name="com.securtime_api_testcases.TC0014_Get_TimeSheet_Data">
        <test-method status="PASS" signature="getTimeSheetData()[pri:0, instance:com.securtime_api_testcases.TC0014_Get_TimeSheet_Data@548e7350]" name="getTimeSheetData" is-config="true" duration-ms="10211" started-at="2019-08-19T09:24:52Z" finished-at="2019-08-19T09:25:02Z">
          <reporter-output>
          </reporter-output>
        </test-method> <!-- getTimeSheetData -->
        <test-method status="PASS" signature="checkContentEncoding()[pri:0, instance:com.securtime_api_testcases.TC0014_Get_TimeSheet_Data@548e7350]" name="checkContentEncoding" duration-ms="3" started-at="2019-08-19T09:25:02Z" finished-at="2019-08-19T09:25:02Z">
          <reporter-output>
          </reporter-output>
        </test-method> <!-- checkContentEncoding -->
        <test-method status="PASS" signature="checkContentType()[pri:0, instance:com.securtime_api_testcases.TC0014_Get_TimeSheet_Data@548e7350]" name="checkContentType" duration-ms="3" started-at="2019-08-19T09:25:02Z" finished-at="2019-08-19T09:25:02Z">
          <reporter-output>
          </reporter-output>
        </test-method> <!-- checkContentType -->
        <test-method status="PASS" signature="checkResponseBody()[pri:0, instance:com.securtime_api_testcases.TC0014_Get_TimeSheet_Data@548e7350]" name="checkResponseBody" duration-ms="9" started-at="2019-08-19T09:25:02Z" finished-at="2019-08-19T09:25:02Z">
          <reporter-output>
          </reporter-output>
        </test-method> <!-- checkResponseBody -->
        <test-method status="PASS" signature="checkResponseTime()[pri:0, instance:com.securtime_api_testcases.TC0014_Get_TimeSheet_Data@548e7350]" name="checkResponseTime" duration-ms="1" started-at="2019-08-19T09:25:02Z" finished-at="2019-08-19T09:25:02Z">
          <reporter-output>
          </reporter-output>
        </test-method> <!-- checkResponseTime -->
        <test-method status="PASS" signature="checkStatusCode()[pri:0, instance:com.securtime_api_testcases.TC0014_Get_TimeSheet_Data@548e7350]" name="checkStatusCode" duration-ms="0" started-at="2019-08-19T09:25:02Z" finished-at="2019-08-19T09:25:02Z">
          <reporter-output>
          </reporter-output>
        </test-method> <!-- checkStatusCode -->
      </class> <!-- com.securtime_api_testcases.TC0014_Get_TimeSheet_Data -->
      <class name="com.securtime_api_testcases.TC005_Get_LeaveBalance">
        <test-method status="PASS" signature="getLeaveBalance()[pri:0, instance:com.securtime_api_testcases.TC005_Get_LeaveBalance@57baeedf]" name="getLeaveBalance" is-config="true" duration-ms="14144" started-at="2019-08-19T09:23:58Z" finished-at="2019-08-19T09:24:12Z">
          <reporter-output>
          </reporter-output>
        </test-method> <!-- getLeaveBalance -->
        <test-method status="PASS" signature="checkContentEncoding()[pri:0, instance:com.securtime_api_testcases.TC005_Get_LeaveBalance@57baeedf]" name="checkContentEncoding" duration-ms="10" started-at="2019-08-19T09:24:12Z" finished-at="2019-08-19T09:24:12Z">
          <reporter-output>
          </reporter-output>
        </test-method> <!-- checkContentEncoding -->
        <test-method status="PASS" signature="checkContentType()[pri:0, instance:com.securtime_api_testcases.TC005_Get_LeaveBalance@57baeedf]" name="checkContentType" duration-ms="3" started-at="2019-08-19T09:24:12Z" finished-at="2019-08-19T09:24:12Z">
          <reporter-output>
          </reporter-output>
        </test-method> <!-- checkContentType -->
        <test-method status="PASS" signature="checkResponseBody()[pri:0, instance:com.securtime_api_testcases.TC005_Get_LeaveBalance@57baeedf]" name="checkResponseBody" duration-ms="17874" started-at="2019-08-19T09:24:12Z" finished-at="2019-08-19T09:24:30Z">
          <reporter-output>
          </reporter-output>
        </test-method> <!-- checkResponseBody -->
        <test-method status="PASS" signature="checkResponseTime()[pri:0, instance:com.securtime_api_testcases.TC005_Get_LeaveBalance@57baeedf]" name="checkResponseTime" duration-ms="2" started-at="2019-08-19T09:24:30Z" finished-at="2019-08-19T09:24:30Z">
          <reporter-output>
          </reporter-output>
        </test-method> <!-- checkResponseTime -->
        <test-method status="PASS" signature="checkStatusCode()[pri:0, instance:com.securtime_api_testcases.TC005_Get_LeaveBalance@57baeedf]" name="checkStatusCode" duration-ms="1" started-at="2019-08-19T09:24:30Z" finished-at="2019-08-19T09:24:30Z">
          <reporter-output>
          </reporter-output>
        </test-method> <!-- checkStatusCode -->
      </class> <!-- com.securtime_api_testcases.TC005_Get_LeaveBalance -->
      <class name="com.securtime_api_testcases.TC006_Get_LeaveTransactions">
        <test-method status="PASS" signature="getLeaveTransactiondataForEmployee()[pri:0, instance:com.securtime_api_testcases.TC006_Get_LeaveTransactions@343f4d3d]" name="getLeaveTransactiondataForEmployee" is-config="true" duration-ms="3257" started-at="2019-08-19T09:24:30Z" finished-at="2019-08-19T09:24:33Z">
          <reporter-output>
          </reporter-output>
        </test-method> <!-- getLeaveTransactiondataForEmployee -->
        <test-method status="PASS" signature="checkContentEncoding()[pri:0, instance:com.securtime_api_testcases.TC006_Get_LeaveTransactions@343f4d3d]" name="checkContentEncoding" duration-ms="1" started-at="2019-08-19T09:24:33Z" finished-at="2019-08-19T09:24:33Z">
          <reporter-output>
          </reporter-output>
        </test-method> <!-- checkContentEncoding -->
        <test-method status="PASS" signature="checkContentType()[pri:0, instance:com.securtime_api_testcases.TC006_Get_LeaveTransactions@343f4d3d]" name="checkContentType" duration-ms="11" started-at="2019-08-19T09:24:33Z" finished-at="2019-08-19T09:24:33Z">
          <reporter-output>
          </reporter-output>
        </test-method> <!-- checkContentType -->
        <test-method status="PASS" signature="checkResponseBody()[pri:0, instance:com.securtime_api_testcases.TC006_Get_LeaveTransactions@343f4d3d]" name="checkResponseBody" duration-ms="1" started-at="2019-08-19T09:24:33Z" finished-at="2019-08-19T09:24:33Z">
          <reporter-output>
          </reporter-output>
        </test-method> <!-- checkResponseBody -->
        <test-method status="PASS" signature="checkResponseTime()[pri:0, instance:com.securtime_api_testcases.TC006_Get_LeaveTransactions@343f4d3d]" name="checkResponseTime" duration-ms="1" started-at="2019-08-19T09:24:33Z" finished-at="2019-08-19T09:24:33Z">
          <reporter-output>
          </reporter-output>
        </test-method> <!-- checkResponseTime -->
        <test-method status="PASS" signature="checkStatusCode()[pri:0, instance:com.securtime_api_testcases.TC006_Get_LeaveTransactions@343f4d3d]" name="checkStatusCode" duration-ms="1" started-at="2019-08-19T09:24:33Z" finished-at="2019-08-19T09:24:33Z">
          <reporter-output>
          </reporter-output>
        </test-method> <!-- checkStatusCode -->
      </class> <!-- com.securtime_api_testcases.TC006_Get_LeaveTransactions -->
      <class name="com.securtime_api_testcases.TC0010_Get_RawPunch_data">
        <test-method status="PASS" signature="getRawPunchData()[pri:0, instance:com.securtime_api_testcases.TC0010_Get_RawPunch_data@53b32d7]" name="getRawPunchData" is-config="true" duration-ms="5536" started-at="2019-08-19T09:24:33Z" finished-at="2019-08-19T09:24:39Z">
          <reporter-output>
          </reporter-output>
        </test-method> <!-- getRawPunchData -->
        <test-method status="PASS" signature="checkContentEncoding()[pri:0, instance:com.securtime_api_testcases.TC0010_Get_RawPunch_data@53b32d7]" name="checkContentEncoding" duration-ms="3" started-at="2019-08-19T09:24:39Z" finished-at="2019-08-19T09:24:39Z">
          <reporter-output>
          </reporter-output>
        </test-method> <!-- checkContentEncoding -->
        <test-method status="PASS" signature="checkContentType()[pri:0, instance:com.securtime_api_testcases.TC0010_Get_RawPunch_data@53b32d7]" name="checkContentType" duration-ms="2" started-at="2019-08-19T09:24:39Z" finished-at="2019-08-19T09:24:39Z">
          <reporter-output>
          </reporter-output>
        </test-method> <!-- checkContentType -->
        <test-method status="PASS" signature="checkResponseBody()[pri:0, instance:com.securtime_api_testcases.TC0010_Get_RawPunch_data@53b32d7]" name="checkResponseBody" duration-ms="3" started-at="2019-08-19T09:24:39Z" finished-at="2019-08-19T09:24:39Z">
          <reporter-output>
          </reporter-output>
        </test-method> <!-- checkResponseBody -->
        <test-method status="PASS" signature="checkResponseTime()[pri:0, instance:com.securtime_api_testcases.TC0010_Get_RawPunch_data@53b32d7]" name="checkResponseTime" duration-ms="19" started-at="2019-08-19T09:24:39Z" finished-at="2019-08-19T09:24:39Z">
          <reporter-output>
          </reporter-output>
        </test-method> <!-- checkResponseTime -->
        <test-method status="PASS" signature="checkStatusCode()[pri:0, instance:com.securtime_api_testcases.TC0010_Get_RawPunch_data@53b32d7]" name="checkStatusCode" duration-ms="2" started-at="2019-08-19T09:24:39Z" finished-at="2019-08-19T09:24:39Z">
          <reporter-output>
          </reporter-output>
        </test-method> <!-- checkStatusCode -->
      </class> <!-- com.securtime_api_testcases.TC0010_Get_RawPunch_data -->
      <class name="com.securtime_api_testcases.TC001_Get_Daily_Performance_Data">
        <test-method status="PASS" signature="init()[pri:0, instance:com.securtime_api_testcases.TC001_Get_Daily_Performance_Data@42e26948]" name="init" is-config="true" duration-ms="853" started-at="2019-08-19T09:23:57Z" finished-at="2019-08-19T09:23:58Z">
          <reporter-output>
          </reporter-output>
        </test-method> <!-- init -->
        <test-method status="PASS" signature="getPerformanceData()[pri:0, instance:com.securtime_api_testcases.TC001_Get_Daily_Performance_Data@42e26948]" name="getPerformanceData" is-config="true" duration-ms="4587" started-at="2019-08-19T09:25:02Z" finished-at="2019-08-19T09:25:07Z">
          <reporter-output>
          </reporter-output>
        </test-method> <!-- getPerformanceData -->
        <test-method status="PASS" signature="checkResponseBody()[pri:1, instance:com.securtime_api_testcases.TC001_Get_Daily_Performance_Data@42e26948]" name="checkResponseBody" duration-ms="4" started-at="2019-08-19T09:25:07Z" finished-at="2019-08-19T09:25:07Z">
          <reporter-output>
          </reporter-output>
        </test-method> <!-- checkResponseBody -->
        <test-method status="FAIL" signature="checkStatusCode()[pri:2, instance:com.securtime_api_testcases.TC001_Get_Daily_Performance_Data@42e26948]" name="checkStatusCode" duration-ms="2" started-at="2019-08-19T09:25:07Z" finished-at="2019-08-19T09:25:07Z">
          <exception class="junit.framework.AssertionFailedError">
            <message>
              <![CDATA[expected:<400> but was:<200>]]>
            </message>
            <full-stacktrace>
              <![CDATA[junit.framework.AssertionFailedError: expected:<400> but was:<200>
at junit.framework.Assert.fail(Assert.java:50)
at junit.framework.Assert.failNotEquals(Assert.java:287)
at junit.framework.Assert.assertEquals(Assert.java:67)
at junit.framework.Assert.assertEquals(Assert.java:199)
at junit.framework.Assert.assertEquals(Assert.java:205)
at com.securtime_api_testcases.TC001_Get_Daily_Performance_Data.checkStatusCode(TC001_Get_Daily_Performance_Data.java:30)
at sun.reflect.NativeMethodAccessorImpl.invoke0(Native Method)
at sun.reflect.NativeMethodAccessorImpl.invoke(Unknown Source)
at sun.reflect.DelegatingMethodAccessorImpl.invoke(Unknown Source)
at java.lang.reflect.Method.invoke(Unknown Source)
at org.testng.internal.MethodInvocationHelper.invokeMethod(MethodInvocationHelper.java:124)
at org.testng.internal.Invoker.invokeMethod(Invoker.java:583)
at org.testng.internal.Invoker.invokeTestMethod(Invoker.java:719)
at org.testng.internal.Invoker.invokeTestMethods(Invoker.java:989)
at org.testng.internal.TestMethodWorker.invokeTestMethods(TestMethodWorker.java:125)
at org.testng.internal.TestMethodWorker.run(TestMethodWorker.java:109)
at org.testng.TestRunner.privateRun(TestRunner.java:648)
at org.testng.TestRunner.run(TestRunner.java:505)
at org.testng.SuiteRunner.runTest(SuiteRunner.java:455)
at org.testng.SuiteRunner.runSequentially(SuiteRunner.java:450)
at org.testng.SuiteRunner.privateRun(SuiteRunner.java:415)
at org.testng.SuiteRunner.run(SuiteRunner.java:364)
at org.testng.SuiteRunnerWorker.runSuite(SuiteRunnerWorker.java:52)
at org.testng.SuiteRunnerWorker.run(SuiteRunnerWorker.java:84)
at org.testng.TestNG.runSuitesSequentially(TestNG.java:1208)
at org.testng.TestNG.runSuitesLocally(TestNG.java:1137)
at org.testng.TestNG.runSuites(TestNG.java:1049)
at org.testng.TestNG.run(TestNG.java:1017)
at org.testng.remote.AbstractRemoteTestNG.run(AbstractRemoteTestNG.java:132)
at org.testng.remote.RemoteTestNG.initAndRun(RemoteTestNG.java:236)
at org.testng.remote.RemoteTestNG.main(RemoteTestNG.java:81)
]]>
            </full-stacktrace>
          </exception> <!-- junit.framework.AssertionFailedError -->
          <reporter-output>
          </reporter-output>
        </test-method> <!-- checkStatusCode -->
        <test-method status="PASS" signature="checkResponseTime()[pri:3, instance:com.securtime_api_testcases.TC001_Get_Daily_Performance_Data@42e26948]" name="checkResponseTime" duration-ms="1" started-at="2019-08-19T09:25:07Z" finished-at="2019-08-19T09:25:07Z">
          <reporter-output>
          </reporter-output>
        </test-method> <!-- checkResponseTime -->
        <test-method status="FAIL" signature="checkContentType()[pri:4, instance:com.securtime_api_testcases.TC001_Get_Daily_Performance_Data@42e26948]" name="checkContentType" duration-ms="1" started-at="2019-08-19T09:25:07Z" finished-at="2019-08-19T09:25:07Z">
          <exception class="junit.framework.ComparisonFailure">
            <message>
              <![CDATA[expected:<[text/plai]n;charset=UTF-8> but was:<[application/jso]n;charset=UTF-8>]]>
            </message>
            <full-stacktrace>
              <![CDATA[junit.framework.ComparisonFailure: expected:<[text/plai]n;charset=UTF-8> but was:<[application/jso]n;charset=UTF-8>
at junit.framework.Assert.assertEquals(Assert.java:85)
at junit.framework.Assert.assertEquals(Assert.java:91)
at com.securtime_api_testcases.TC001_Get_Daily_Performance_Data.checkContentType(TC001_Get_Daily_Performance_Data.java:42)
at sun.reflect.NativeMethodAccessorImpl.invoke0(Native Method)
at sun.reflect.NativeMethodAccessorImpl.invoke(Unknown Source)
at sun.reflect.DelegatingMethodAccessorImpl.invoke(Unknown Source)
at java.lang.reflect.Method.invoke(Unknown Source)
at org.testng.internal.MethodInvocationHelper.invokeMethod(MethodInvocationHelper.java:124)
at org.testng.internal.Invoker.invokeMethod(Invoker.java:583)
at org.testng.internal.Invoker.invokeTestMethod(Invoker.java:719)
at org.testng.internal.Invoker.invokeTestMethods(Invoker.java:989)
at org.testng.internal.TestMethodWorker.invokeTestMethods(TestMethodWorker.java:125)
at org.testng.internal.TestMethodWorker.run(TestMethodWorker.java:109)
at org.testng.TestRunner.privateRun(TestRunner.java:648)
at org.testng.TestRunner.run(TestRunner.java:505)
at org.testng.SuiteRunner.runTest(SuiteRunner.java:455)
at org.testng.SuiteRunner.runSequentially(SuiteRunner.java:450)
at org.testng.SuiteRunner.privateRun(SuiteRunner.java:415)
at org.testng.SuiteRunner.run(SuiteRunner.java:364)
at org.testng.SuiteRunnerWorker.runSuite(SuiteRunnerWorker.java:52)
at org.testng.SuiteRunnerWorker.run(SuiteRunnerWorker.java:84)
at org.testng.TestNG.runSuitesSequentially(TestNG.java:1208)
at org.testng.TestNG.runSuitesLocally(TestNG.java:1137)
at org.testng.TestNG.runSuites(TestNG.java:1049)
at org.testng.TestNG.run(TestNG.java:1017)
at org.testng.remote.AbstractRemoteTestNG.run(AbstractRemoteTestNG.java:132)
at org.testng.remote.RemoteTestNG.initAndRun(RemoteTestNG.java:236)
at org.testng.remote.RemoteTestNG.main(RemoteTestNG.java:81)
]]>
            </full-stacktrace>
          </exception> <!-- junit.framework.ComparisonFailure -->
          <reporter-output>
          </reporter-output>
        </test-method> <!-- checkContentType -->
        <test-method status="FAIL" signature="checkContentEncoding()[pri:5, instance:com.securtime_api_testcases.TC001_Get_Daily_Performance_Data@42e26948]" name="checkContentEncoding" duration-ms="1" started-at="2019-08-19T09:25:07Z" finished-at="2019-08-19T09:25:07Z">
          <exception class="junit.framework.ComparisonFailure">
            <message>
              <![CDATA[expected:<null> but was:<gzip>]]>
            </message>
            <full-stacktrace>
              <![CDATA[junit.framework.ComparisonFailure: expected:<null> but was:<gzip>
at junit.framework.Assert.assertEquals(Assert.java:85)
at junit.framework.Assert.assertEquals(Assert.java:91)
at com.securtime_api_testcases.TC001_Get_Daily_Performance_Data.checkContentEncoding(TC001_Get_Daily_Performance_Data.java:48)
at sun.reflect.NativeMethodAccessorImpl.invoke0(Native Method)
at sun.reflect.NativeMethodAccessorImpl.invoke(Unknown Source)
at sun.reflect.DelegatingMethodAccessorImpl.invoke(Unknown Source)
at java.lang.reflect.Method.invoke(Unknown Source)
at org.testng.internal.MethodInvocationHelper.invokeMethod(MethodInvocationHelper.java:124)
at org.testng.internal.Invoker.invokeMethod(Invoker.java:583)
at org.testng.internal.Invoker.invokeTestMethod(Invoker.java:719)
at org.testng.internal.Invoker.invokeTestMethods(Invoker.java:989)
at org.testng.internal.TestMethodWorker.invokeTestMethods(TestMethodWorker.java:125)
at org.testng.internal.TestMethodWorker.run(TestMethodWorker.java:109)
at org.testng.TestRunner.privateRun(TestRunner.java:648)
at org.testng.TestRunner.run(TestRunner.java:505)
at org.testng.SuiteRunner.runTest(SuiteRunner.java:455)
at org.testng.SuiteRunner.runSequentially(SuiteRunner.java:450)
at org.testng.SuiteRunner.privateRun(SuiteRunner.java:415)
at org.testng.SuiteRunner.run(SuiteRunner.java:364)
at org.testng.SuiteRunnerWorker.runSuite(SuiteRunnerWorker.java:52)
at org.testng.SuiteRunnerWorker.run(SuiteRunnerWorker.java:84)
at org.testng.TestNG.runSuitesSequentially(TestNG.java:1208)
at org.testng.TestNG.runSuitesLocally(TestNG.java:1137)
at org.testng.TestNG.runSuites(TestNG.java:1049)
at org.testng.TestNG.run(TestNG.java:1017)
at org.testng.remote.AbstractRemoteTestNG.run(AbstractRemoteTestNG.java:132)
at org.testng.remote.RemoteTestNG.initAndRun(RemoteTestNG.java:236)
at org.testng.remote.RemoteTestNG.main(RemoteTestNG.java:81)
]]>
            </full-stacktrace>
          </exception> <!-- junit.framework.ComparisonFailure -->
          <reporter-output>
          </reporter-output>
        </test-method> <!-- checkContentEncoding -->
      </class> <!-- com.securtime_api_testcases.TC001_Get_Daily_Performance_Data -->
    </test> <!-- SaxApi -->
  </suite> <!-- SaxAPISuite -->
</testng-results>
